TN:
SF:scripts/Deploy.s.sol
DA:26,0
FN:26,DesployTestScript.run
FNDA:0,DesployTestScript.run
DA:27,0
DA:29,0
DA:37,0
FNF:1
FNH:0
LF:4
LH:0
BRF:0
BRH:0
end_of_record
TN:
SF:src/arbitrum-foundation/ArbitrumStrategyManager.sol
DA:64,41
FN:64,ArbitrumStrategyManager.constructor
FNDA:41,ArbitrumStrategyManager.constructor
DA:71,41
BRDA:71,0,0,1
BRDA:71,0,1,40
DA:72,40
BRDA:72,1,0,1
BRDA:72,1,1,39
DA:73,39
BRDA:73,2,0,1
BRDA:73,2,1,38
DA:74,38
BRDA:74,3,0,1
BRDA:74,3,1,37
DA:75,37
BRDA:75,4,0,1
BRDA:75,4,1,36
DA:77,36
DA:78,36
DA:79,36
DA:80,36
DA:82,36
DA:83,36
DA:84,36
DA:85,36
DA:89,2
FN:89,ArbitrumStrategyManager.claimRewards
FNDA:2,ArbitrumStrategyManager.claimRewards
DA:94,2
DA:95,2
DA:96,2
DA:98,1
DA:102,1
FN:102,ArbitrumStrategyManager.claimAaveRewards
FNDA:1,ArbitrumStrategyManager.claimAaveRewards
DA:103,1
DA:104,1
DA:105,1
DA:110,1
DA:114,266
FN:114,ArbitrumStrategyManager.depositIntoAaveV3
FNDA:266,ArbitrumStrategyManager.depositIntoAaveV3
DA:117,265
BRDA:117,5,0,1
BRDA:117,5,1,264
DA:119,264
DA:123,264
DA:125,264
DA:128,264
BRDA:128,6,0,1
BRDA:128,6,1,263
DA:133,263
DA:134,263
DA:136,263
DA:140,3
FN:140,ArbitrumStrategyManager.withdrawFromAaveV3
FNDA:3,ArbitrumStrategyManager.withdrawFromAaveV3
DA:143,2
BRDA:143,7,0,1
BRDA:143,7,1,1
DA:145,1
DA:147,1
DA:151,2
FN:151,ArbitrumStrategyManager.withdrawAll
FNDA:2,ArbitrumStrategyManager.withdrawAll
DA:152,1
DA:158,1
DA:162,259
FN:162,ArbitrumStrategyManager.scaleDown
FNDA:259,ArbitrumStrategyManager.scaleDown
DA:163,258
DA:167,2
FN:167,ArbitrumStrategyManager.emergencyTokenTransfer
FNDA:2,ArbitrumStrategyManager.emergencyTokenTransfer
DA:171,1
DA:173,1
DA:177,261
FN:177,ArbitrumStrategyManager.updateMaxPositionThreshold
FNDA:261,ArbitrumStrategyManager.updateMaxPositionThreshold
DA:180,260
BRDA:180,8,0,1
BRDA:180,8,1,259
DA:181,259
BRDA:181,9,0,1
BRDA:181,9,1,258
DA:183,258
DA:184,258
DA:186,258
DA:188,258
DA:192,3
FN:192,ArbitrumStrategyManager.updateBpsBuffer
FNDA:3,ArbitrumStrategyManager.updateBpsBuffer
DA:195,2
BRDA:195,10,0,1
BRDA:195,10,1,1
DA:197,1
DA:198,1
DA:200,1
DA:204,3
FN:204,ArbitrumStrategyManager.updateHypernative
FNDA:3,ArbitrumStrategyManager.updateHypernative
DA:207,2
BRDA:207,11,0,1
BRDA:207,11,1,1
DA:209,1
DA:210,1
DA:212,1
DA:213,1
DA:215,1
DA:219,3
FN:219,ArbitrumStrategyManager.updatePool
FNDA:3,ArbitrumStrategyManager.updatePool
DA:222,2
BRDA:222,12,0,1
BRDA:222,12,1,1
DA:224,1
DA:225,1
DA:227,1
DA:231,3
FN:231,ArbitrumStrategyManager.updateMerkl
FNDA:3,ArbitrumStrategyManager.updateMerkl
DA:232,2
BRDA:232,13,0,1
BRDA:232,13,1,1
DA:234,1
DA:235,1
DA:237,1
DA:241,518
FN:241,ArbitrumStrategyManager.getPositionData
FNDA:518,ArbitrumStrategyManager.getPositionData
DA:246,518
DA:252,1298
FN:252,ArbitrumStrategyManager._getPositionData
FNDA:1298,ArbitrumStrategyManager._getPositionData
DA:257,1298
DA:260,1298
DA:263,1298
DA:271,516
FN:271,ArbitrumStrategyManager._scaleDown
FNDA:516,ArbitrumStrategyManager._scaleDown
DA:272,516
DA:276,516
DA:278,516
BRDA:278,14,0,258
DA:279,258
DA:282,258
DA:291,258
BRDA:291,15,0,257
DA:292,257
DA:295,258
DA:297,258
FNF:16
FNH:16
LF:90
LH:90
BRF:30
BRH:30
end_of_record
TN:
SF:test/arbitrum-foundation/ArbitrumStrategyManager.t.sol
DA:32,35
FN:32,ArbitrumStrategyManagerTest.setUp
FNDA:35,ArbitrumStrategyManagerTest.setUp
DA:33,35
DA:35,35
DA:43,35
DA:44,35
DA:45,35
DA:46,35
DA:47,35
DA:49,35
DA:52,35
DA:53,35
DA:54,35
FNF:1
FNH:1
LF:12
LH:12
BRF:0
BRH:0
end_of_record
